[1, 1] loss: -39.286
[1, 2] loss: -669.426
[1, 3] loss: -820.050
[1, 4] loss: -785.247
[1, 5] loss: -410.630
[1, 6] loss: -697.356
[1, 7] loss: -1082.523
[1, 8] loss: -938.162
[1, 9] loss: -697.513
[1, 10] loss: -654.000
[1, 11] loss: -685.497
[1, 12] loss: -822.000
[1, 13] loss: -1152.000
[1, 14] loss: -677.572
[1, 15] loss: -846.000
[1, 16] loss: -629.777
[1, 17] loss: -696.000
[1, 18] loss: -490.663
[1, 19] loss: -810.000
[1, 20] loss: -714.000
[1, 21] loss: -1038.000
[1, 22] loss: -918.000
[1, 23] loss: -882.000
[1, 24] loss: -498.000
[1, 25] loss: -690.000
[1, 26] loss: -967.637
[1, 27] loss: -888.000
[1, 28] loss: -576.000
[1, 29] loss: -810.000
[1, 30] loss: -705.057
[1, 31] loss: -1020.000
[1, 32] loss: -708.000
[1, 33] loss: -882.000
[1, 34] loss: -690.000
[1, 35] loss: -900.000
[1, 36] loss: -648.000
[1, 37] loss: -678.000
[1, 38] loss: -540.000
[1, 39] loss: -855.930
[1, 40] loss: -780.000
[1, 41] loss: -762.000
[1, 42] loss: -786.000
[1, 43] loss: -780.000
[1, 44] loss: -522.000
[1, 45] loss: -654.000
[1, 46] loss: -852.000
[1, 47] loss: -870.000
[1, 48] loss: -870.000
[1, 49] loss: -1164.000
[1, 50] loss: -684.000
[1, 51] loss: -684.000
[1, 52] loss: -546.000
[1, 53] loss: -1038.000
[1, 54] loss: -834.000
[1, 55] loss: -726.000
[1, 56] loss: -1116.000
[1, 57] loss: -606.000
[1, 58] loss: -978.000
[1, 59] loss: -683.189
[1, 60] loss: -750.000
[1, 61] loss: -820.498
[1, 62] loss: -906.000
[1, 63] loss: -528.000
[1, 64] loss: -516.000
[1, 65] loss: -870.000
[1, 66] loss: -714.000
[1, 67] loss: -792.000
[1, 68] loss: -1110.000
[1, 69] loss: -756.000
[1, 70] loss: -690.000
[1, 71] loss: -1014.000
[1, 72] loss: -917.211
[1, 73] loss: -750.000
[1, 74] loss: -894.000
[1, 75] loss: -858.000
[1, 76] loss: -822.000
[1, 77] loss: -744.000
[1, 78] loss: -588.000
[1, 79] loss: -954.000
[1, 80] loss: -792.000
[1, 81] loss: -786.000
[1, 82] loss: -804.000
[1, 83] loss: -750.000
[1, 84] loss: -738.000
[1, 85] loss: -750.000
[1, 86] loss: -516.000
[1, 87] loss: -1110.000
[1, 88] loss: -714.000
[1, 89] loss: -972.000
[1, 90] loss: -870.000
[1, 91] loss: -912.000
[1, 92] loss: -528.000
[1, 93] loss: -672.000
[1, 94] loss: -918.000
[1, 95] loss: -876.000
[1, 96] loss: -846.000
[1, 97] loss: -870.000
[1, 98] loss: -630.000
[1, 99] loss: -600.000
[1, 100] loss: -780.000
[1, 101] loss: -864.000
[1, 102] loss: -582.000
[1, 103] loss: -1044.000
[1, 104] loss: -887.376
[1, 105] loss: -660.000
[1, 106] loss: -768.000
[1, 107] loss: -929.135
[1, 108] loss: -720.000
[1, 109] loss: -762.000
[1, 110] loss: -1032.000
[1, 111] loss: -648.000
[1, 112] loss: -948.000
[1, 113] loss: -1092.000
[1, 114] loss: -1122.000
[1, 115] loss: -990.000
[1, 116] loss: -936.000
[1, 117] loss: -756.000
[1, 118] loss: -702.000
[1, 119] loss: -654.000
[1, 120] loss: -654.000
[1, 121] loss: -930.000
[1, 122] loss: -732.000
[1, 123] loss: -564.000
[1, 124] loss: -762.000
[1, 125] loss: -756.000
[1, 126] loss: -750.000
[1, 127] loss: -558.000
[1, 128] loss: -660.000
[1, 129] loss: -810.000
[1, 130] loss: -702.000
[1, 131] loss: -678.000
[1, 132] loss: -750.000
[1, 133] loss: -768.000
[1, 134] loss: -642.000
[1, 135] loss: -1332.000
[1, 136] loss: -648.000
[1, 137] loss: -930.000
[1, 138] loss: -606.000
[1, 139] loss: -750.000
[1, 140] loss: -972.000
[1, 141] loss: -558.000
[1, 142] loss: -882.000
[1, 143] loss: -954.000
[1, 144] loss: -954.000
[1, 145] loss: -918.000
[1, 146] loss: -756.000
[1, 147] loss: -660.000
[1, 148] loss: -1020.000
[1, 149] loss: -828.000
[1, 150] loss: -1032.000
[1, 151] loss: -516.000
[1, 152] loss: -780.000
[1, 153] loss: -906.000
[1, 154] loss: -726.000
[1, 155] loss: -798.000
[1, 156] loss: -738.000
[1, 157] loss: -714.000
[1, 158] loss: -768.000
[1, 159] loss: -1098.000
[1, 160] loss: -996.000
[1 2] val loss: -157.980
[2, 1] loss: -1116.000
[2, 2] loss: -882.000
[2, 3] loss: -852.000
[2, 4] loss: -798.000
[2, 5] loss: -426.000
[2, 6] loss: -708.000
[2, 7] loss: -1086.000
[2, 8] loss: -942.000
[2, 9] loss: -702.000
[2, 10] loss: -654.000
[2, 11] loss: -690.000
[2, 12] loss: -822.000
[2, 13] loss: -1152.000
[2, 14] loss: -678.000
[2, 15] loss: -846.000
[2, 16] loss: -630.000
[2, 17] loss: -696.000
[2, 18] loss: -492.000
[2, 19] loss: -810.000
[2, 20] loss: -714.000
[2, 21] loss: -1038.000
[2, 22] loss: -918.000
[2, 23] loss: -882.000
[2, 24] loss: -498.000
[2, 25] loss: -690.000
[2, 26] loss: -972.000
[2, 27] loss: -888.000
[2, 28] loss: -576.000
[2, 29] loss: -810.000
[2, 30] loss: -708.000
[2, 31] loss: -1020.000
[2, 32] loss: -708.000
[2, 33] loss: -882.000
[2, 34] loss: -690.000
[2, 35] loss: -900.000
[2, 36] loss: -648.000
[2, 37] loss: -678.000
[2, 38] loss: -540.000
[2, 39] loss: -858.000
[2, 40] loss: -780.000
[2, 41] loss: -762.000
[2, 42] loss: -786.000
[2, 43] loss: -780.000
[2, 44] loss: -522.000
[2, 45] loss: -654.000
[2, 46] loss: -852.000
[2, 47] loss: -870.000
[2, 48] loss: -870.000
[2, 49] loss: -1164.000
[2, 50] loss: -684.000
[2, 51] loss: -684.000
[2, 52] loss: -546.000
[2, 53] loss: -1038.000
[2, 54] loss: -834.000
[2, 55] loss: -726.000
[2, 56] loss: -1116.000
[2, 57] loss: -606.000
[2, 58] loss: -978.000
[2, 59] loss: -684.000
[2, 60] loss: -750.000
[2, 61] loss: -822.000
[2, 62] loss: -906.000
[2, 63] loss: -528.000
[2, 64] loss: -516.000
[2, 65] loss: -870.000
[2, 66] loss: -714.000
[2, 67] loss: -792.000
[2, 68] loss: -1110.000
[2, 69] loss: -756.000
[2, 70] loss: -690.000
[2, 71] loss: -1014.000
[2, 72] loss: -918.000
[2, 73] loss: -750.000
[2, 74] loss: -894.000
[2, 75] loss: -858.000
[2, 76] loss: -822.000
[2, 77] loss: -744.000
[2, 78] loss: -588.000
[2, 79] loss: -954.000
[2, 80] loss: -792.000
[2, 81] loss: -786.000
[2, 82] loss: -804.000
[2, 83] loss: -750.000
[2, 84] loss: -738.000
[2, 85] loss: -750.000
[2, 86] loss: -516.000
[2, 87] loss: -1110.000
[2, 88] loss: -714.000
[2, 89] loss: -972.000
[2, 90] loss: -870.000
[2, 91] loss: -912.000
[2, 92] loss: -528.000
[2, 93] loss: -672.000
[2, 94] loss: -918.000
[2, 95] loss: -876.000
[2, 96] loss: -846.000
[2, 97] loss: -870.000
[2, 98] loss: -630.000
[2, 99] loss: -600.000
[2, 100] loss: -780.000
[2, 101] loss: -864.000
[2, 102] loss: -582.000
[2, 103] loss: -1044.000
[2, 104] loss: -888.000
[2, 105] loss: -660.000
[2, 106] loss: -768.000
[2, 107] loss: -930.000
[2, 108] loss: -720.000
[2, 109] loss: -762.000
[2, 110] loss: -1032.000
[2, 111] loss: -648.000
[2, 112] loss: -948.000
[2, 113] loss: -1092.000
[2, 114] loss: -1122.000
[2, 115] loss: -990.000
[2, 116] loss: -936.000
[2, 117] loss: -756.000
[2, 118] loss: -702.000
[2, 119] loss: -654.000
[2, 120] loss: -654.000
[2, 121] loss: -930.000
[2, 122] loss: -732.000
[2, 123] loss: -564.000
[2, 124] loss: -762.000
[2, 125] loss: -756.000
[2, 126] loss: -750.000
[2, 127] loss: -558.000
[2, 128] loss: -660.000
[2, 129] loss: -810.000
[2, 130] loss: -702.000
[2, 131] loss: -678.000
[2, 132] loss: -750.000
[2, 133] loss: -768.000
[2, 134] loss: -642.000
[2, 135] loss: -1332.000
[2, 136] loss: -648.000
[2, 137] loss: -930.000
[2, 138] loss: -606.000
[2, 139] loss: -750.000
[2, 140] loss: -972.000
[2, 141] loss: -558.000
[2, 142] loss: -882.000
[2, 143] loss: -954.000
[2, 144] loss: -954.000
[2, 145] loss: -918.000
[2, 146] loss: -756.000
[2, 147] loss: -660.000
[2, 148] loss: -1020.000
[2, 149] loss: -828.000
[2, 150] loss: -1032.000
[2, 151] loss: -516.000
[2, 152] loss: -780.000
[2, 153] loss: -906.000
[2, 154] loss: -726.000
[2, 155] loss: -798.000
[2, 156] loss: -738.000
[2, 157] loss: -714.000
[2, 158] loss: -768.000
[2, 159] loss: -1098.000
[2, 160] loss: -996.000
[2 2] val loss: -157.980
